<?xml version="1.0" encoding="UTF-8"?>
<!-- Generated by org.testng.reporters.JUnitXMLReporter -->
<testsuite ignored="0" hostname="KITE" failures="8" tests="10" name="RESTAPI options" time="46.807" errors="0" timestamp="20 Feb 2023 13:26:10 GMT">
  <testcase classname="KAFKA.KafkaSchemaRegistry" name="Login" time="39.344"/>
  <testcase classname="KAFKA.KafkaSchemaRegistry" name="ReadKafkaSchemaRegistryData" time="0.0">
    <failure type="org.testng.TestNGException" message="
Parameter &amp;apos;schregname&amp;apos; is required by @Test on method ReadKafkaSchemaRegistryData but has not been marked @Optional or defined
in E:\ChanduAutomation\WGS_RESTAPI\KafkaSchemaRegistry.xml">
      <![CDATA[org.testng.TestNGException: 
Parameter 'schregname' is required by @Test on method ReadKafkaSchemaRegistryData but has not been marked @Optional or defined
in E:\ChanduAutomation\WGS_RESTAPI\KafkaSchemaRegistry.xml
... Removed 23 stack frames]]>
    </failure>
  </testcase> <!-- ReadKafkaSchemaRegistryData -->
  <testcase classname="KAFKA.KafkaSchemaRegistry" name="ReadKafkaSchemaRegistrySchema" time="0.0">
    <failure type="org.testng.TestNGException" message="
Parameter &amp;apos;schregname&amp;apos; is required by @Test on method ReadKafkaSchemaRegistrySchema but has not been marked @Optional or defined
in E:\ChanduAutomation\WGS_RESTAPI\KafkaSchemaRegistry.xml">
      <![CDATA[org.testng.TestNGException: 
Parameter 'schregname' is required by @Test on method ReadKafkaSchemaRegistrySchema but has not been marked @Optional or defined
in E:\ChanduAutomation\WGS_RESTAPI\KafkaSchemaRegistry.xml
... Removed 23 stack frames]]>
    </failure>
  </testcase> <!-- ReadKafkaSchemaRegistrySchema -->
  <testcase classname="KAFKA.KafkaSchemaRegistry" name="ReadKafkaSchemaRegistrySchemaSubjectVersions" time="0.0">
    <failure type="org.testng.TestNGException" message="
Parameter &amp;apos;schregname&amp;apos; is required by @Test on method ReadKafkaSchemaRegistrySchemaSubjectVersions but has not been marked @Optional or defined
in E:\ChanduAutomation\WGS_RESTAPI\KafkaSchemaRegistry.xml">
      <![CDATA[org.testng.TestNGException: 
Parameter 'schregname' is required by @Test on method ReadKafkaSchemaRegistrySchemaSubjectVersions but has not been marked @Optional or defined
in E:\ChanduAutomation\WGS_RESTAPI\KafkaSchemaRegistry.xml
... Removed 23 stack frames]]>
    </failure>
  </testcase> <!-- ReadKafkaSchemaRegistrySchemaSubjectVersions -->
  <testcase classname="KAFKA.KafkaSchemaRegistry" name="SearchKafkaSchemaRegistries" time="0.0">
    <failure type="org.testng.TestNGException" message="
Parameter &amp;apos;schregname&amp;apos; is required by @Test on method SearchKafkaSchemaRegistries but has not been marked @Optional or defined
in E:\ChanduAutomation\WGS_RESTAPI\KafkaSchemaRegistry.xml">
      <![CDATA[org.testng.TestNGException: 
Parameter 'schregname' is required by @Test on method SearchKafkaSchemaRegistries but has not been marked @Optional or defined
in E:\ChanduAutomation\WGS_RESTAPI\KafkaSchemaRegistry.xml
... Removed 23 stack frames]]>
    </failure>
  </testcase> <!-- SearchKafkaSchemaRegistries -->
  <testcase classname="KAFKA.KafkaSchemaRegistry" name="SearchKafkaSchemaRegistryEvents" time="0.0">
    <failure type="org.testng.TestNGException" message="
Parameter &amp;apos;schregname&amp;apos; is required by @Test on method SearchKafkaSchemaRegistryEvents but has not been marked @Optional or defined
in E:\ChanduAutomation\WGS_RESTAPI\KafkaSchemaRegistry.xml">
      <![CDATA[org.testng.TestNGException: 
Parameter 'schregname' is required by @Test on method SearchKafkaSchemaRegistryEvents but has not been marked @Optional or defined
in E:\ChanduAutomation\WGS_RESTAPI\KafkaSchemaRegistry.xml
... Removed 23 stack frames]]>
    </failure>
  </testcase> <!-- SearchKafkaSchemaRegistryEvents -->
  <testcase classname="KAFKA.KafkaSchemaRegistry" name="ForceUpdateKafkaSchemaRegistry" time="0.0">
    <failure type="org.testng.TestNGException" message="
Parameter &amp;apos;schregname&amp;apos; is required by @Test on method ForceUpdateKafkaSchemaRegistry but has not been marked @Optional or defined
in E:\ChanduAutomation\WGS_RESTAPI\KafkaSchemaRegistry.xml">
      <![CDATA[org.testng.TestNGException: 
Parameter 'schregname' is required by @Test on method ForceUpdateKafkaSchemaRegistry but has not been marked @Optional or defined
in E:\ChanduAutomation\WGS_RESTAPI\KafkaSchemaRegistry.xml
... Removed 23 stack frames]]>
    </failure>
  </testcase> <!-- ForceUpdateKafkaSchemaRegistry -->
  <testcase classname="KAFKA.KafkaSchemaRegistry" name="ChangeKafkaSchemaRegistryCustomProperties" time="0.0">
    <failure type="org.testng.TestNGException" message="
Parameter &amp;apos;schregname&amp;apos; is required by @Test on method ChangeKafkaSchemaRegistryCustomProperties but has not been marked @Optional or defined
in E:\ChanduAutomation\WGS_RESTAPI\KafkaSchemaRegistry.xml">
      <![CDATA[org.testng.TestNGException: 
Parameter 'schregname' is required by @Test on method ChangeKafkaSchemaRegistryCustomProperties but has not been marked @Optional or defined
in E:\ChanduAutomation\WGS_RESTAPI\KafkaSchemaRegistry.xml
... Removed 23 stack frames]]>
    </failure>
  </testcase> <!-- ChangeKafkaSchemaRegistryCustomProperties -->
  <testcase classname="KAFKA.KafkaSchemaRegistry" name="ChangeKafkaSchemaRegistry" time="0.0">
    <failure type="org.testng.TestNGException" message="
Parameter &amp;apos;schregname&amp;apos; is required by @Test on method ChangeKafkaSchemaRegistry but has not been marked @Optional or defined
in E:\ChanduAutomation\WGS_RESTAPI\KafkaSchemaRegistry.xml">
      <![CDATA[org.testng.TestNGException: 
Parameter 'schregname' is required by @Test on method ChangeKafkaSchemaRegistry but has not been marked @Optional or defined
in E:\ChanduAutomation\WGS_RESTAPI\KafkaSchemaRegistry.xml
... Removed 23 stack frames]]>
    </failure>
  </testcase> <!-- ChangeKafkaSchemaRegistry -->
  <testcase classname="KAFKA.KafkaSchemaRegistry" name="Logout" time="7.403"/>
</testsuite> <!-- RESTAPI options -->
