<?xml version="1.0" encoding="UTF-8"?>
<!-- Generated by org.testng.reporters.JUnitXMLReporter -->
<testsuite ignored="5" hostname="DESKTOP-K4AEKHO" failures="3" tests="3" name="RESTAPI options" time="2.791" errors="0" timestamp="2023-11-02T12:59:27 IST">
  <testcase classname="IBMMQ.ChannelAuth" name="Login" time="2.719">
    <failure type="org.openqa.selenium.remote.http.ConnectionFailedException" message="Unable to establish websocket connection to http://localhost:64498/devtools/browser/341585ae-bd8e-4938-bc2c-39155d499472
Build info: version: &amp;apos;4.4.0&amp;apos;, revision: &amp;apos;e5c75ed026a&amp;apos;
System info: host: &amp;apos;DESKTOP-K4AEKHO&amp;apos;, ip: &amp;apos;172.16.31.142&amp;apos;, os.name: &amp;apos;Windows 10&amp;apos;, os.arch: &amp;apos;amd64&amp;apos;, os.version: &amp;apos;10.0&amp;apos;, java.version: &amp;apos;11.0.20&amp;apos;
Driver info: driver.version: ChromeDriver">
      <![CDATA[org.openqa.selenium.remote.http.ConnectionFailedException: Unable to establish websocket connection to http://localhost:64498/devtools/browser/341585ae-bd8e-4938-bc2c-39155d499472
Build info: version: '4.4.0', revision: 'e5c75ed026a'
System info: host: 'DESKTOP-K4AEKHO', ip: '172.16.31.142', os.name: 'Windows 10', os.arch: 'amd64', os.version: '10.0', java.version: '11.0.20'
Driver info: driver.version: ChromeDriver
at org.openqa.selenium.remote.http.netty.NettyWebSocket.<init>(NettyWebSocket.java:102)
at org.openqa.selenium.remote.http.netty.NettyWebSocket.lambda$create$3(NettyWebSocket.java:128)
at org.openqa.selenium.remote.http.netty.NettyClient.openSocket(NettyClient.java:106)
at org.openqa.selenium.devtools.Connection.<init>(Connection.java:77)
at org.openqa.selenium.chromium.ChromiumDriver.lambda$new$2(ChromiumDriver.java:116)
at java.base/java.util.Optional.map(Optional.java:265)
at org.openqa.selenium.chromium.ChromiumDriver.<init>(ChromiumDriver.java:114)
at org.openqa.selenium.chrome.ChromeDriver.<init>(ChromeDriver.java:81)
at org.openqa.selenium.chrome.ChromeDriver.<init>(ChromeDriver.java:49)
at IBMMQ.ChannelAuth.Login(ChannelAuth.java:31)
at java.base/java.util.ArrayList.forEach(ArrayList.java:1541)
... Removed 27 stack frames]]>
    </failure>
  </testcase> <!-- Login -->
  <testcase classname="IBMMQ.ChannelAuth" name="SetChannelAuth" time="0.002">
    <failure type="java.lang.NullPointerException">
      <![CDATA[java.lang.NullPointerException
at IBMMQ.ChannelAuth.SetChannelAuth(ChannelAuth.java:90)
at java.base/java.util.ArrayList.forEach(ArrayList.java:1541)
... Removed 27 stack frames]]>
    </failure>
  </testcase> <!-- SetChannelAuth -->
  <testcase classname="IBMMQ.ChannelAuth" name="Logout" time="0.002">
    <failure type="java.lang.NullPointerException">
      <![CDATA[java.lang.NullPointerException
at IBMMQ.ChannelAuth.Logout(ChannelAuth.java:412)
at java.base/java.util.ArrayList.forEach(ArrayList.java:1541)
... Removed 27 stack frames]]>
    </failure>
  </testcase> <!-- Logout -->
  <testcase classname="IBMMQ.ChannelAuth" name="ForceUpdateChannelAuth" time="0.0">
    <ignored/>
  </testcase> <!-- ForceUpdateChannelAuth -->
  <testcase classname="IBMMQ.ChannelAuth" name="ChangeChannelAuthCustomProperties" time="0.0">
    <ignored/>
  </testcase> <!-- ChangeChannelAuthCustomProperties -->
  <testcase classname="IBMMQ.ChannelAuth" name="SearchChannelAuthEvents" time="0.0">
    <ignored/>
  </testcase> <!-- SearchChannelAuthEvents -->
  <testcase classname="IBMMQ.ChannelAuth" name="ReadChannelAuthData" time="0.0">
    <ignored/>
  </testcase> <!-- ReadChannelAuthData -->
  <testcase classname="IBMMQ.ChannelAuth" name="SearchChannelAuth" time="0.0">
    <ignored/>
  </testcase> <!-- SearchChannelAuth -->
</testsuite> <!-- RESTAPI options -->
