<?xml version="1.0" encoding="UTF-8"?>
<testng-results ignored="7" total="10" passed="3" failed="0" skipped="0">
  <reporter-output>
  </reporter-output>
  <suite started-at="2023-02-20T14:08:21Z" name="RESTAPI" finished-at="2023-02-20T14:12:06Z" duration-ms="225036">
    <groups>
    </groups>
    <test started-at="2023-02-20T14:08:21Z" name="RESTAPI options" finished-at="2023-02-20T14:12:06Z" duration-ms="225036">
      <class name="KAFKA.KafkaSchemaRegistry">
        <test-method signature="Login(java.lang.String, java.lang.String, java.lang.String, java.lang.String, java.lang.String)[pri:0, instance:KAFKA.KafkaSchemaRegistry@1ff4931d]" started-at="2023-02-20T19:38:21Z" name="Login" finished-at="2023-02-20T19:38:59Z" duration-ms="37569" status="PASS">
          <params>
            <param index="0">
              <value>
                <![CDATA[webdriver.chrome.driver]]>
              </value>
            </param>
            <param index="1">
              <value>
                <![CDATA[Drivers\chromedriver.exe]]>
              </value>
            </param>
            <param index="2">
              <value>
                <![CDATA[http://localhost:8019/rest/v1/api-docs?url=/rest/v1/openapi.json]]>
              </value>
            </param>
            <param index="3">
              <value>
                <![CDATA[Admin]]>
              </value>
            </param>
            <param index="4">
              <value>
                <![CDATA[admin]]>
              </value>
            </param>
          </params>
          <reporter-output>
          </reporter-output>
        </test-method> <!-- Login -->
        <test-method signature="ChangeKafkaSchemaRegistry(java.lang.String, java.lang.String, java.lang.String, java.lang.String, java.lang.String)[pri:8, instance:KAFKA.KafkaSchemaRegistry@1ff4931d]" started-at="2023-02-20T19:38:59Z" name="ChangeKafkaSchemaRegistry" finished-at="2023-02-20T19:41:58Z" duration-ms="179367" status="PASS">
          <params>
            <param index="0">
              <value>
                <![CDATA[MQM]]>
              </value>
            </param>
            <param index="1">
              <value>
                <![CDATA[KAFKA]]>
              </value>
            </param>
            <param index="2">
              <value>
                <![CDATA[New_Cluster]]>
              </value>
            </param>
            <param index="3">
              <value>
                <![CDATA[KAFKA_SCHEMA_REGISTRY]]>
              </value>
            </param>
            <param index="4">
              <value>
                <![CDATA[http://172.16.31.19:8081]]>
              </value>
            </param>
          </params>
          <reporter-output>
          </reporter-output>
        </test-method> <!-- ChangeKafkaSchemaRegistry -->
        <test-method signature="Logout()[pri:9, instance:KAFKA.KafkaSchemaRegistry@1ff4931d]" started-at="2023-02-20T19:41:58Z" name="Logout" finished-at="2023-02-20T19:42:06Z" duration-ms="8056" status="PASS">
          <reporter-output>
          </reporter-output>
        </test-method> <!-- Logout -->
      </class> <!-- KAFKA.KafkaSchemaRegistry -->
    </test> <!-- RESTAPI options -->
  </suite> <!-- RESTAPI -->
</testng-results>
